TN:
SF:components\AppContext.js
FN:6,(anonymous_0)
FN:12,(anonymous_1)
FN:17,(anonymous_2)
FN:25,(anonymous_3)
FN:39,(anonymous_4)
FNF:5
FNH:0
FNDA:0,(anonymous_0)
FNDA:0,(anonymous_1)
FNDA:0,(anonymous_2)
FNDA:0,(anonymous_3)
FNDA:0,(anonymous_4)
DA:4,1
DA:6,1
DA:7,0
DA:8,0
DA:9,0
DA:10,0
DA:12,0
DA:13,0
DA:14,0
DA:17,0
DA:18,0
DA:19,0
DA:20,0
DA:21,0
DA:22,0
DA:25,0
DA:26,0
DA:27,0
DA:28,0
DA:29,0
DA:30,0
DA:31,0
DA:32,0
DA:33,0
DA:34,0
DA:35,0
DA:39,0
DA:40,0
DA:41,0
DA:42,0
DA:45,0
LF:31
LH:2
BRDA:21,0,0,0
BRDA:21,0,1,0
BRDA:28,1,0,0
BRDA:28,1,1,0
BRDA:28,2,0,0
BRDA:28,2,1,0
BRDA:29,3,0,0
BRDA:29,3,1,0
BRDA:30,4,0,0
BRDA:30,4,1,0
BRDA:33,5,0,0
BRDA:33,5,1,0
BRF:12
BRH:0
end_of_record
TN:
SF:components\Card.js
FN:1,(anonymous_0)
FNF:1
FNH:0
FNDA:0,(anonymous_0)
DA:1,0
DA:2,0
LF:2
LH:0
BRDA:6,0,0,0
BRDA:6,0,1,0
BRDA:7,1,0,0
BRDA:7,1,1,0
BRDA:8,2,0,0
BRDA:8,2,1,0
BRDA:11,3,0,0
BRDA:11,3,1,0
BRF:8
BRH:0
end_of_record
TN:
SF:components\Directions.js
FN:1,Directions
FNF:1
FNH:0
FNDA:0,Directions
DA:2,0
LF:1
LH:0
BRF:0
BRH:0
end_of_record
TN:
SF:components\Error.js
FN:1,(anonymous_0)
FNF:1
FNH:0
FNDA:0,(anonymous_0)
DA:1,0
DA:2,0
LF:2
LH:0
BRDA:9,0,0,0
BRDA:9,0,1,0
BRF:2
BRH:0
end_of_record
TN:
SF:components\Footer.js
FN:1,Footer
FNF:1
FNH:0
FNDA:0,Footer
DA:2,0
LF:1
LH:0
BRF:0
BRH:0
end_of_record
TN:
SF:components\ForkedFrom.js
FN:1,ForkedFrom
FNF:1
FNH:0
FNDA:0,ForkedFrom
DA:2,0
LF:1
LH:0
BRF:0
BRH:0
end_of_record
TN:
SF:components\Header.js
FN:7,Header
FN:13,(anonymous_1)
FNF:2
FNH:1
FNDA:2,Header
FNDA:0,(anonymous_1)
DA:8,2
DA:9,2
DA:11,0
DA:13,0
DA:14,0
DA:15,0
DA:16,0
DA:19,0
LF:8
LH:2
BRDA:15,0,0,0
BRDA:15,0,1,0
BRDA:60,1,0,0
BRDA:60,1,1,0
BRDA:67,2,0,0
BRDA:67,2,1,0
BRF:6
BRH:0
end_of_record
TN:
SF:components\Hero.js
FN:1,Hero
FNF:1
FNH:0
FNDA:0,Hero
DA:2,0
LF:1
LH:0
BRF:0
BRH:0
end_of_record
TN:
SF:components\IngredientsList.js
FN:1,IngredientsList
FNF:1
FNH:0
FNDA:0,IngredientsList
DA:2,0
LF:1
LH:0
BRF:0
BRH:0
end_of_record
TN:
SF:components\Layout.js
FN:4,(anonymous_0)
FNF:1
FNH:0
FNDA:0,(anonymous_0)
DA:4,0
DA:5,0
LF:2
LH:0
BRF:0
BRH:0
end_of_record
TN:
SF:components\Loading.js
FN:1,(anonymous_0)
FNF:1
FNH:0
FNDA:0,(anonymous_0)
DA:1,0
DA:2,0
LF:2
LH:0
BRF:0
BRH:0
end_of_record
TN:
SF:components\PageSection.js
FN:6,PageSection
FN:7,(anonymous_1)
FNF:2
FNH:0
FNDA:0,PageSection
FNDA:0,(anonymous_1)
DA:7,0
DA:8,0
DA:23,0
LF:3
LH:0
BRDA:11,0,0,0
BRDA:11,0,1,0
BRDA:29,1,0,0
BRDA:29,1,1,0
BRDA:31,2,0,0
BRDA:31,2,1,0
BRF:6
BRH:0
end_of_record
TN:
SF:components\SearchResults.js
FN:3,(anonymous_0)
FNF:1
FNH:0
FNDA:0,(anonymous_0)
DA:3,0
DA:4,0
DA:5,0
DA:6,0
DA:9,0
DA:10,0
DA:18,0
LF:7
LH:0
BRDA:4,0,0,0
BRDA:4,0,1,0
BRDA:9,1,0,0
BRDA:9,1,1,0
BRDA:9,2,0,0
BRDA:9,2,1,0
BRDA:9,2,2,0
BRF:7
BRH:0
end_of_record
TN:
SF:pages\_app.js
FN:4,MyApp
FNF:1
FNH:0
FNDA:0,MyApp
DA:5,0
LF:1
LH:0
BRF:0
BRH:0
end_of_record
TN:
SF:pages\_document.js
FN:4,(anonymous_0)
FNF:1
FNH:0
FNDA:0,(anonymous_0)
DA:5,0
LF:1
LH:0
BRF:0
BRH:0
end_of_record
TN:
SF:pages\areas.js
FN:5,Areas
FN:13,getStaticProps
FNF:2
FNH:0
FNDA:0,Areas
FNDA:0,getStaticProps
DA:6,0
DA:14,0
DA:16,0
LF:3
LH:0
BRF:0
BRH:0
end_of_record
TN:
SF:pages\categories.js
FN:6,Categories
FN:14,getStaticProps
FNF:2
FNH:0
FNDA:0,Categories
FNDA:0,getStaticProps
DA:7,0
DA:15,0
DA:17,0
LF:3
LH:0
BRF:0
BRH:0
end_of_record
TN:
SF:pages\index.js
FN:6,Index
FN:16,getStaticProps
FNF:2
FNH:0
FNDA:0,Index
FNDA:0,getStaticProps
DA:7,0
DA:17,0
DA:18,0
DA:20,0
LF:4
LH:0
BRF:0
BRH:0
end_of_record
TN:
SF:pages\search.js
FN:6,(anonymous_0)
FNF:1
FNH:0
FNDA:0,(anonymous_0)
DA:6,0
DA:14,0
DA:16,0
LF:3
LH:0
BRF:0
BRH:0
end_of_record
TN:
SF:pages\category\[slug].js
FN:7,Category
FN:17,getStaticPaths
FN:19,(anonymous_2)
FN:29,getStaticProps
FNF:4
FNH:0
FNDA:0,Category
FNDA:0,getStaticPaths
FNDA:0,(anonymous_2)
FNDA:0,getStaticProps
DA:8,0
DA:9,0
DA:10,0
DA:18,0
DA:19,0
DA:23,0
DA:30,0
DA:32,0
LF:8
LH:0
BRF:0
BRH:0
end_of_record
TN:
SF:pages\recipe\[slug].js
FN:9,Recipe
FN:10,(anonymous_1)
FN:12,(anonymous_2)
FN:13,(anonymous_3)
FN:39,(anonymous_4)
FN:43,(anonymous_5)
FN:45,(anonymous_6)
FN:46,(anonymous_7)
FN:47,(anonymous_8)
FN:54,(anonymous_9)
FN:105,getStaticPaths
FN:107,(anonymous_11)
FN:117,getStaticProps
FNF:13
FNH:0
FNDA:0,Recipe
FNDA:0,(anonymous_1)
FNDA:0,(anonymous_2)
FNDA:0,(anonymous_3)
FNDA:0,(anonymous_4)
FNDA:0,(anonymous_5)
FNDA:0,(anonymous_6)
FNDA:0,(anonymous_7)
FNDA:0,(anonymous_8)
FNDA:0,(anonymous_9)
FNDA:0,getStaticPaths
FNDA:0,(anonymous_11)
FNDA:0,getStaticProps
DA:10,0
DA:11,0
DA:12,0
DA:13,0
DA:14,0
DA:15,0
DA:16,0
DA:17,0
DA:35,0
DA:39,0
DA:40,0
DA:41,0
DA:43,0
DA:44,0
DA:45,0
DA:46,0
DA:47,0
DA:48,0
DA:54,0
DA:55,0
DA:56,0
DA:75,0
DA:106,0
DA:107,0
DA:111,0
DA:118,0
DA:120,0
LF:27
LH:0
BRDA:16,0,0,0
BRDA:16,0,1,0
BRDA:55,1,0,0
BRDA:55,1,1,0
BRDA:99,2,0,0
BRDA:99,2,1,0
BRF:6
BRH:0
end_of_record
